{"C:\\Users\\naomi\\Desktop\\wekan-proj\\wekan-api\\src\\helpers\\validate.js": {"path":"C:\\Users\\naomi\\Desktop\\wekan-proj\\wekan-api\\src\\helpers\\validate.js","statementMap":{"0":{"start":{"line":3,"column":13},"end":{"line":3,"column":39}},"1":{"start":{"line":4,"column":14},"end":{"line":4,"column":40}},"2":{"start":{"line":5,"column":14},"end":{"line":5,"column":30}},"3":{"start":{"line":6,"column":15},"end":{"line":6,"column":56}},"4":{"start":{"line":7,"column":13},"end":{"line":7,"column":28}},"5":{"start":{"line":19,"column":16},"end":{"line":19,"column":37}},"6":{"start":{"line":20,"column":2},"end":{"line":20,"column":45}},"7":{"start":{"line":20,"column":32},"end":{"line":20,"column":45}},"8":{"start":{"line":21,"column":12},"end":{"line":21,"column":32}},"9":{"start":{"line":22,"column":15},"end":{"line":22,"column":26}},"10":{"start":{"line":23,"column":2},"end":{"line":23,"column":40}},"11":{"start":{"line":23,"column":27},"end":{"line":23,"column":40}},"12":{"start":{"line":24,"column":2},"end":{"line":24,"column":53}},"13":{"start":{"line":33,"column":13},"end":{"line":38,"column":6}},"14":{"start":{"line":39,"column":16},"end":{"line":39,"column":41}},"15":{"start":{"line":40,"column":2},"end":{"line":40,"column":15}},"16":{"start":{"line":49,"column":2},"end":{"line":49,"column":39}},"17":{"start":{"line":58,"column":2},"end":{"line":58,"column":46}},"18":{"start":{"line":69,"column":2},"end":{"line":69,"column":22}},"19":{"start":{"line":70,"column":2},"end":{"line":70,"column":33}},"20":{"start":{"line":79,"column":0},"end":{"line":98,"column":2}},"21":{"start":{"line":80,"column":2},"end":{"line":97,"column":3}},"22":{"start":{"line":90,"column":4},"end":{"line":90,"column":17}},"23":{"start":{"line":92,"column":4},"end":{"line":96,"column":5}},"24":{"start":{"line":93,"column":6},"end":{"line":93,"column":19}},"25":{"start":{"line":95,"column":6},"end":{"line":95,"column":18}},"26":{"start":{"line":106,"column":0},"end":{"line":126,"column":2}},"27":{"start":{"line":107,"column":2},"end":{"line":125,"column":3}},"28":{"start":{"line":118,"column":4},"end":{"line":118,"column":17}},"29":{"start":{"line":120,"column":4},"end":{"line":124,"column":5}},"30":{"start":{"line":121,"column":6},"end":{"line":121,"column":19}},"31":{"start":{"line":123,"column":6},"end":{"line":123,"column":18}},"32":{"start":{"line":134,"column":0},"end":{"line":153,"column":2}},"33":{"start":{"line":135,"column":2},"end":{"line":152,"column":3}},"34":{"start":{"line":145,"column":4},"end":{"line":145,"column":17}},"35":{"start":{"line":147,"column":4},"end":{"line":151,"column":5}},"36":{"start":{"line":148,"column":6},"end":{"line":148,"column":19}},"37":{"start":{"line":150,"column":6},"end":{"line":150,"column":18}},"38":{"start":{"line":161,"column":0},"end":{"line":180,"column":2}},"39":{"start":{"line":162,"column":2},"end":{"line":179,"column":3}},"40":{"start":{"line":172,"column":4},"end":{"line":172,"column":17}},"41":{"start":{"line":174,"column":4},"end":{"line":178,"column":5}},"42":{"start":{"line":175,"column":6},"end":{"line":175,"column":19}},"43":{"start":{"line":177,"column":6},"end":{"line":177,"column":18}},"44":{"start":{"line":188,"column":0},"end":{"line":207,"column":2}},"45":{"start":{"line":189,"column":2},"end":{"line":206,"column":3}},"46":{"start":{"line":199,"column":4},"end":{"line":199,"column":17}},"47":{"start":{"line":201,"column":4},"end":{"line":205,"column":5}},"48":{"start":{"line":202,"column":6},"end":{"line":202,"column":19}},"49":{"start":{"line":204,"column":6},"end":{"line":204,"column":18}},"50":{"start":{"line":214,"column":0},"end":{"line":233,"column":2}},"51":{"start":{"line":215,"column":2},"end":{"line":232,"column":3}},"52":{"start":{"line":225,"column":4},"end":{"line":225,"column":17}},"53":{"start":{"line":227,"column":4},"end":{"line":231,"column":5}},"54":{"start":{"line":228,"column":6},"end":{"line":228,"column":19}},"55":{"start":{"line":230,"column":6},"end":{"line":230,"column":18}},"56":{"start":{"line":241,"column":0},"end":{"line":287,"column":2}},"57":{"start":{"line":242,"column":2},"end":{"line":286,"column":3}},"58":{"start":{"line":252,"column":4},"end":{"line":252,"column":17}},"59":{"start":{"line":254,"column":4},"end":{"line":285,"column":5}},"60":{"start":{"line":262,"column":6},"end":{"line":262,"column":19}},"61":{"start":{"line":264,"column":18},"end":{"line":264,"column":36}},"62":{"start":{"line":265,"column":18},"end":{"line":265,"column":36}},"63":{"start":{"line":266,"column":6},"end":{"line":284,"column":7}},"64":{"start":{"line":267,"column":8},"end":{"line":267,"column":21}},"65":{"start":{"line":269,"column":8},"end":{"line":283,"column":9}},"66":{"start":{"line":270,"column":10},"end":{"line":270,"column":23}},"67":{"start":{"line":271,"column":15},"end":{"line":283,"column":9}},"68":{"start":{"line":272,"column":24},"end":{"line":272,"column":34}},"69":{"start":{"line":273,"column":10},"end":{"line":273,"column":29}},"70":{"start":{"line":274,"column":10},"end":{"line":282,"column":11}},"71":{"start":{"line":275,"column":12},"end":{"line":279,"column":13}},"72":{"start":{"line":276,"column":14},"end":{"line":276,"column":26}},"73":{"start":{"line":278,"column":14},"end":{"line":278,"column":27}},"74":{"start":{"line":281,"column":12},"end":{"line":281,"column":25}}},"fnMap":{"0":{"name":"isValidDate","decl":{"start":{"line":18,"column":9},"end":{"line":18,"column":20}},"loc":{"start":{"line":18,"column":33},"end":{"line":25,"column":1}},"line":18},"1":{"name":"getToday","decl":{"start":{"line":32,"column":9},"end":{"line":32,"column":17}},"loc":{"start":{"line":32,"column":20},"end":{"line":41,"column":1}},"line":32},"2":{"name":"isBoolean","decl":{"start":{"line":48,"column":9},"end":{"line":48,"column":18}},"loc":{"start":{"line":48,"column":24},"end":{"line":50,"column":1}},"line":48},"3":{"name":"isFloat","decl":{"start":{"line":57,"column":9},"end":{"line":57,"column":16}},"loc":{"start":{"line":57,"column":22},"end":{"line":59,"column":1}},"line":57},"4":{"name":"onlySpaces","decl":{"start":{"line":68,"column":9},"end":{"line":68,"column":19}},"loc":{"start":{"line":68,"column":25},"end":{"line":71,"column":1}},"line":68},"5":{"name":"(anonymous_5)","decl":{"start":{"line":79,"column":33},"end":{"line":79,"column":34}},"loc":{"start":{"line":79,"column":48},"end":{"line":98,"column":1}},"line":79},"6":{"name":"(anonymous_6)","decl":{"start":{"line":106,"column":25},"end":{"line":106,"column":26}},"loc":{"start":{"line":106,"column":40},"end":{"line":126,"column":1}},"line":106},"7":{"name":"(anonymous_7)","decl":{"start":{"line":134,"column":29},"end":{"line":134,"column":30}},"loc":{"start":{"line":134,"column":44},"end":{"line":153,"column":1}},"line":134},"8":{"name":"(anonymous_8)","decl":{"start":{"line":161,"column":26},"end":{"line":161,"column":27}},"loc":{"start":{"line":161,"column":41},"end":{"line":180,"column":1}},"line":161},"9":{"name":"(anonymous_9)","decl":{"start":{"line":188,"column":24},"end":{"line":188,"column":25}},"loc":{"start":{"line":188,"column":39},"end":{"line":207,"column":1}},"line":188},"10":{"name":"(anonymous_10)","decl":{"start":{"line":214,"column":25},"end":{"line":214,"column":26}},"loc":{"start":{"line":214,"column":47},"end":{"line":233,"column":1}},"line":214},"11":{"name":"(anonymous_11)","decl":{"start":{"line":241,"column":27},"end":{"line":241,"column":28}},"loc":{"start":{"line":241,"column":51},"end":{"line":287,"column":1}},"line":241}},"branchMap":{"0":{"loc":{"start":{"line":20,"column":2},"end":{"line":20,"column":45}},"type":"if","locations":[{"start":{"line":20,"column":2},"end":{"line":20,"column":45}},{"start":{},"end":{}}],"line":20},"1":{"loc":{"start":{"line":23,"column":2},"end":{"line":23,"column":40}},"type":"if","locations":[{"start":{"line":23,"column":2},"end":{"line":23,"column":40}},{"start":{},"end":{}}],"line":23},"2":{"loc":{"start":{"line":23,"column":6},"end":{"line":23,"column":25}},"type":"binary-expr","locations":[{"start":{"line":23,"column":6},"end":{"line":23,"column":11}},{"start":{"line":23,"column":15},"end":{"line":23,"column":25}}],"line":23},"3":{"loc":{"start":{"line":49,"column":9},"end":{"line":49,"column":38}},"type":"binary-expr","locations":[{"start":{"line":49,"column":9},"end":{"line":49,"column":22}},{"start":{"line":49,"column":26},"end":{"line":49,"column":38}}],"line":49},"4":{"loc":{"start":{"line":58,"column":9},"end":{"line":58,"column":45}},"type":"binary-expr","locations":[{"start":{"line":58,"column":9},"end":{"line":58,"column":28}},{"start":{"line":58,"column":32},"end":{"line":58,"column":45}}],"line":58},"5":{"loc":{"start":{"line":80,"column":2},"end":{"line":97,"column":3}},"type":"if","locations":[{"start":{"line":80,"column":2},"end":{"line":97,"column":3}},{"start":{"line":91,"column":9},"end":{"line":97,"column":3}}],"line":80},"6":{"loc":{"start":{"line":81,"column":4},"end":{"line":88,"column":27}},"type":"binary-expr","locations":[{"start":{"line":81,"column":4},"end":{"line":81,"column":16}},{"start":{"line":82,"column":4},"end":{"line":82,"column":14}},{"start":{"line":83,"column":4},"end":{"line":83,"column":21}},{"start":{"line":84,"column":4},"end":{"line":84,"column":18}},{"start":{"line":85,"column":4},"end":{"line":85,"column":25}},{"start":{"line":86,"column":4},"end":{"line":86,"column":16}},{"start":{"line":87,"column":4},"end":{"line":87,"column":19}},{"start":{"line":88,"column":4},"end":{"line":88,"column":27}}],"line":81},"7":{"loc":{"start":{"line":92,"column":4},"end":{"line":96,"column":5}},"type":"if","locations":[{"start":{"line":92,"column":4},"end":{"line":96,"column":5}},{"start":{"line":94,"column":11},"end":{"line":96,"column":5}}],"line":92},"8":{"loc":{"start":{"line":107,"column":2},"end":{"line":125,"column":3}},"type":"if","locations":[{"start":{"line":107,"column":2},"end":{"line":125,"column":3}},{"start":{"line":119,"column":9},"end":{"line":125,"column":3}}],"line":107},"9":{"loc":{"start":{"line":108,"column":4},"end":{"line":116,"column":18}},"type":"binary-expr","locations":[{"start":{"line":108,"column":4},"end":{"line":108,"column":16}},{"start":{"line":109,"column":4},"end":{"line":109,"column":14}},{"start":{"line":110,"column":4},"end":{"line":110,"column":21}},{"start":{"line":111,"column":4},"end":{"line":111,"column":18}},{"start":{"line":112,"column":4},"end":{"line":112,"column":25}},{"start":{"line":113,"column":4},"end":{"line":113,"column":16}},{"start":{"line":114,"column":4},"end":{"line":114,"column":19}},{"start":{"line":115,"column":4},"end":{"line":115,"column":27}},{"start":{"line":116,"column":4},"end":{"line":116,"column":18}}],"line":108},"10":{"loc":{"start":{"line":120,"column":4},"end":{"line":124,"column":5}},"type":"if","locations":[{"start":{"line":120,"column":4},"end":{"line":124,"column":5}},{"start":{"line":122,"column":11},"end":{"line":124,"column":5}}],"line":120},"11":{"loc":{"start":{"line":135,"column":2},"end":{"line":152,"column":3}},"type":"if","locations":[{"start":{"line":135,"column":2},"end":{"line":152,"column":3}},{"start":{"line":146,"column":9},"end":{"line":152,"column":3}}],"line":135},"12":{"loc":{"start":{"line":136,"column":4},"end":{"line":143,"column":27}},"type":"binary-expr","locations":[{"start":{"line":136,"column":4},"end":{"line":136,"column":16}},{"start":{"line":137,"column":4},"end":{"line":137,"column":14}},{"start":{"line":138,"column":4},"end":{"line":138,"column":21}},{"start":{"line":139,"column":4},"end":{"line":139,"column":18}},{"start":{"line":140,"column":4},"end":{"line":140,"column":19}},{"start":{"line":141,"column":4},"end":{"line":141,"column":25}},{"start":{"line":142,"column":4},"end":{"line":142,"column":16}},{"start":{"line":143,"column":4},"end":{"line":143,"column":27}}],"line":136},"13":{"loc":{"start":{"line":147,"column":4},"end":{"line":151,"column":5}},"type":"if","locations":[{"start":{"line":147,"column":4},"end":{"line":151,"column":5}},{"start":{"line":149,"column":11},"end":{"line":151,"column":5}}],"line":147},"14":{"loc":{"start":{"line":162,"column":2},"end":{"line":179,"column":3}},"type":"if","locations":[{"start":{"line":162,"column":2},"end":{"line":179,"column":3}},{"start":{"line":173,"column":9},"end":{"line":179,"column":3}}],"line":162},"15":{"loc":{"start":{"line":163,"column":4},"end":{"line":170,"column":27}},"type":"binary-expr","locations":[{"start":{"line":163,"column":4},"end":{"line":163,"column":16}},{"start":{"line":164,"column":4},"end":{"line":164,"column":14}},{"start":{"line":165,"column":4},"end":{"line":165,"column":21}},{"start":{"line":166,"column":4},"end":{"line":166,"column":18}},{"start":{"line":167,"column":4},"end":{"line":167,"column":25}},{"start":{"line":168,"column":4},"end":{"line":168,"column":16}},{"start":{"line":169,"column":4},"end":{"line":169,"column":19}},{"start":{"line":170,"column":4},"end":{"line":170,"column":27}}],"line":163},"16":{"loc":{"start":{"line":174,"column":4},"end":{"line":178,"column":5}},"type":"if","locations":[{"start":{"line":174,"column":4},"end":{"line":178,"column":5}},{"start":{"line":176,"column":11},"end":{"line":178,"column":5}}],"line":174},"17":{"loc":{"start":{"line":189,"column":2},"end":{"line":206,"column":3}},"type":"if","locations":[{"start":{"line":189,"column":2},"end":{"line":206,"column":3}},{"start":{"line":200,"column":9},"end":{"line":206,"column":3}}],"line":189},"18":{"loc":{"start":{"line":190,"column":4},"end":{"line":197,"column":27}},"type":"binary-expr","locations":[{"start":{"line":190,"column":4},"end":{"line":190,"column":16}},{"start":{"line":191,"column":4},"end":{"line":191,"column":14}},{"start":{"line":192,"column":4},"end":{"line":192,"column":21}},{"start":{"line":193,"column":4},"end":{"line":193,"column":18}},{"start":{"line":194,"column":4},"end":{"line":194,"column":25}},{"start":{"line":195,"column":4},"end":{"line":195,"column":16}},{"start":{"line":196,"column":4},"end":{"line":196,"column":19}},{"start":{"line":197,"column":4},"end":{"line":197,"column":27}}],"line":190},"19":{"loc":{"start":{"line":201,"column":4},"end":{"line":205,"column":5}},"type":"if","locations":[{"start":{"line":201,"column":4},"end":{"line":205,"column":5}},{"start":{"line":203,"column":11},"end":{"line":205,"column":5}}],"line":201},"20":{"loc":{"start":{"line":215,"column":2},"end":{"line":232,"column":3}},"type":"if","locations":[{"start":{"line":215,"column":2},"end":{"line":232,"column":3}},{"start":{"line":226,"column":9},"end":{"line":232,"column":3}}],"line":215},"21":{"loc":{"start":{"line":216,"column":4},"end":{"line":223,"column":34}},"type":"binary-expr","locations":[{"start":{"line":216,"column":4},"end":{"line":216,"column":28}},{"start":{"line":217,"column":4},"end":{"line":217,"column":23}},{"start":{"line":218,"column":4},"end":{"line":218,"column":21}},{"start":{"line":219,"column":4},"end":{"line":219,"column":25}},{"start":{"line":220,"column":4},"end":{"line":220,"column":32}},{"start":{"line":221,"column":4},"end":{"line":221,"column":21}},{"start":{"line":222,"column":4},"end":{"line":222,"column":24}},{"start":{"line":223,"column":4},"end":{"line":223,"column":34}}],"line":216},"22":{"loc":{"start":{"line":227,"column":4},"end":{"line":231,"column":5}},"type":"if","locations":[{"start":{"line":227,"column":4},"end":{"line":231,"column":5}},{"start":{"line":229,"column":11},"end":{"line":231,"column":5}}],"line":227},"23":{"loc":{"start":{"line":242,"column":2},"end":{"line":286,"column":3}},"type":"if","locations":[{"start":{"line":242,"column":2},"end":{"line":286,"column":3}},{"start":{"line":253,"column":9},"end":{"line":286,"column":3}}],"line":242},"24":{"loc":{"start":{"line":243,"column":4},"end":{"line":250,"column":29}},"type":"binary-expr","locations":[{"start":{"line":243,"column":4},"end":{"line":243,"column":23}},{"start":{"line":244,"column":4},"end":{"line":244,"column":18}},{"start":{"line":245,"column":4},"end":{"line":245,"column":16}},{"start":{"line":246,"column":4},"end":{"line":246,"column":20}},{"start":{"line":247,"column":4},"end":{"line":247,"column":27}},{"start":{"line":248,"column":4},"end":{"line":248,"column":21}},{"start":{"line":249,"column":4},"end":{"line":249,"column":24}},{"start":{"line":250,"column":4},"end":{"line":250,"column":29}}],"line":243},"25":{"loc":{"start":{"line":254,"column":4},"end":{"line":285,"column":5}},"type":"if","locations":[{"start":{"line":254,"column":4},"end":{"line":285,"column":5}},{"start":{"line":263,"column":11},"end":{"line":285,"column":5}}],"line":254},"26":{"loc":{"start":{"line":255,"column":6},"end":{"line":260,"column":31}},"type":"binary-expr","locations":[{"start":{"line":255,"column":6},"end":{"line":255,"column":25}},{"start":{"line":256,"column":6},"end":{"line":256,"column":20}},{"start":{"line":257,"column":6},"end":{"line":257,"column":18}},{"start":{"line":258,"column":6},"end":{"line":258,"column":22}},{"start":{"line":259,"column":6},"end":{"line":259,"column":29}},{"start":{"line":260,"column":6},"end":{"line":260,"column":31}}],"line":255},"27":{"loc":{"start":{"line":266,"column":6},"end":{"line":284,"column":7}},"type":"if","locations":[{"start":{"line":266,"column":6},"end":{"line":284,"column":7}},{"start":{"line":268,"column":13},"end":{"line":284,"column":7}}],"line":266},"28":{"loc":{"start":{"line":266,"column":12},"end":{"line":266,"column":22}},"type":"binary-expr","locations":[{"start":{"line":266,"column":12},"end":{"line":266,"column":15}},{"start":{"line":266,"column":19},"end":{"line":266,"column":22}}],"line":266},"29":{"loc":{"start":{"line":269,"column":8},"end":{"line":283,"column":9}},"type":"if","locations":[{"start":{"line":269,"column":8},"end":{"line":283,"column":9}},{"start":{"line":271,"column":15},"end":{"line":283,"column":9}}],"line":269},"30":{"loc":{"start":{"line":271,"column":15},"end":{"line":283,"column":9}},"type":"if","locations":[{"start":{"line":271,"column":15},"end":{"line":283,"column":9}},{"start":{},"end":{}}],"line":271},"31":{"loc":{"start":{"line":274,"column":10},"end":{"line":282,"column":11}},"type":"if","locations":[{"start":{"line":274,"column":10},"end":{"line":282,"column":11}},{"start":{"line":280,"column":17},"end":{"line":282,"column":11}}],"line":274},"32":{"loc":{"start":{"line":275,"column":12},"end":{"line":279,"column":13}},"type":"if","locations":[{"start":{"line":275,"column":12},"end":{"line":279,"column":13}},{"start":{"line":277,"column":19},"end":{"line":279,"column":13}}],"line":275}},"s":{"0":1,"1":1,"2":1,"3":1,"4":1,"5":0,"6":0,"7":0,"8":0,"9":0,"10":0,"11":0,"12":0,"13":0,"14":0,"15":0,"16":67,"17":48,"18":48,"19":48,"20":1,"21":16,"22":11,"23":5,"24":2,"25":3,"26":1,"27":19,"28":11,"29":8,"30":4,"31":4,"32":1,"33":17,"34":9,"35":8,"36":1,"37":7,"38":1,"39":13,"40":5,"41":8,"42":5,"43":3,"44":1,"45":16,"46":6,"47":10,"48":4,"49":6,"50":1,"51":0,"52":0,"53":0,"54":0,"55":0,"56":1,"57":0,"58":0,"59":0,"60":0,"61":0,"62":0,"63":0,"64":0,"65":0,"66":0,"67":0,"68":0,"69":0,"70":0,"71":0,"72":0,"73":0,"74":0},"f":{"0":0,"1":0,"2":67,"3":48,"4":48,"5":16,"6":19,"7":17,"8":13,"9":16,"10":0,"11":0},"b":{"0":[0,0],"1":[0,0],"2":[0,0],"3":[67,62],"4":[48,2],"5":[11,5],"6":[16,14,13,12,10,8,7,6],"7":[2,3],"8":[11,8],"9":[19,17,16,15,13,11,10,9,8],"10":[4,4],"11":[9,8],"12":[17,15,14,13,11,10,9,9],"13":[1,7],"14":[5,8],"15":[13,12,12,12,10,9,9,9],"16":[5,3],"17":[6,10],"18":[16,15,15,15,13,11,11,11],"19":[4,6],"20":[0,0],"21":[0,0,0,0,0,0,0,0],"22":[0,0],"23":[0,0],"24":[0,0,0,0,0,0,0,0],"25":[0,0],"26":[0,0,0,0,0,0],"27":[0,0],"28":[0,0],"29":[0,0],"30":[0,0],"31":[0,0],"32":[0,0]},"_coverageSchema":"1a1c01bbd47fc00a2c39e90264f33305004495a9","hash":"3bfa3fd487561b93385694ec46b5236537ba08ba"}
}
