TN:
SF:src\helpers\validate.js
FN:18,isValidDate
FN:32,getToday
FN:48,isBoolean
FN:57,isFloat
FN:68,onlySpaces
FN:79,(anonymous_5)
FN:106,(anonymous_6)
FN:134,(anonymous_7)
FN:161,(anonymous_8)
FN:188,(anonymous_9)
FN:214,(anonymous_10)
FN:241,(anonymous_11)
FNF:12
FNH:8
FNDA:0,isValidDate
FNDA:0,getToday
FNDA:67,isBoolean
FNDA:48,isFloat
FNDA:48,onlySpaces
FNDA:16,(anonymous_5)
FNDA:19,(anonymous_6)
FNDA:17,(anonymous_7)
FNDA:13,(anonymous_8)
FNDA:16,(anonymous_9)
FNDA:0,(anonymous_10)
FNDA:0,(anonymous_11)
DA:3,1
DA:4,1
DA:5,1
DA:6,1
DA:7,1
DA:19,0
DA:20,0
DA:21,0
DA:22,0
DA:23,0
DA:24,0
DA:33,0
DA:39,0
DA:40,0
DA:49,67
DA:58,48
DA:69,48
DA:70,48
DA:79,1
DA:80,16
DA:90,11
DA:92,5
DA:93,2
DA:95,3
DA:106,1
DA:107,19
DA:118,11
DA:120,8
DA:121,4
DA:123,4
DA:134,1
DA:135,17
DA:145,9
DA:147,8
DA:148,1
DA:150,7
DA:161,1
DA:162,13
DA:172,5
DA:174,8
DA:175,5
DA:177,3
DA:188,1
DA:189,16
DA:199,6
DA:201,10
DA:202,4
DA:204,6
DA:214,1
DA:215,0
DA:225,0
DA:227,0
DA:228,0
DA:230,0
DA:241,1
DA:242,0
DA:252,0
DA:254,0
DA:262,0
DA:264,0
DA:265,0
DA:266,0
DA:267,0
DA:269,0
DA:270,0
DA:271,0
DA:272,0
DA:273,0
DA:274,0
DA:275,0
DA:276,0
DA:278,0
DA:281,0
LF:73
LH:41
BRDA:20,0,0,0
BRDA:20,0,1,0
BRDA:23,1,0,0
BRDA:23,1,1,0
BRDA:23,2,0,0
BRDA:23,2,1,0
BRDA:49,3,0,67
BRDA:49,3,1,62
BRDA:58,4,0,48
BRDA:58,4,1,2
BRDA:80,5,0,11
BRDA:80,5,1,5
BRDA:81,6,0,16
BRDA:81,6,1,14
BRDA:81,6,2,13
BRDA:81,6,3,12
BRDA:81,6,4,10
BRDA:81,6,5,8
BRDA:81,6,6,7
BRDA:81,6,7,6
BRDA:92,7,0,2
BRDA:92,7,1,3
BRDA:107,8,0,11
BRDA:107,8,1,8
BRDA:108,9,0,19
BRDA:108,9,1,17
BRDA:108,9,2,16
BRDA:108,9,3,15
BRDA:108,9,4,13
BRDA:108,9,5,11
BRDA:108,9,6,10
BRDA:108,9,7,9
BRDA:108,9,8,8
BRDA:120,10,0,4
BRDA:120,10,1,4
BRDA:135,11,0,9
BRDA:135,11,1,8
BRDA:136,12,0,17
BRDA:136,12,1,15
BRDA:136,12,2,14
BRDA:136,12,3,13
BRDA:136,12,4,11
BRDA:136,12,5,10
BRDA:136,12,6,9
BRDA:136,12,7,9
BRDA:147,13,0,1
BRDA:147,13,1,7
BRDA:162,14,0,5
BRDA:162,14,1,8
BRDA:163,15,0,13
BRDA:163,15,1,12
BRDA:163,15,2,12
BRDA:163,15,3,12
BRDA:163,15,4,10
BRDA:163,15,5,9
BRDA:163,15,6,9
BRDA:163,15,7,9
BRDA:174,16,0,5
BRDA:174,16,1,3
BRDA:189,17,0,6
BRDA:189,17,1,10
BRDA:190,18,0,16
BRDA:190,18,1,15
BRDA:190,18,2,15
BRDA:190,18,3,15
BRDA:190,18,4,13
BRDA:190,18,5,11
BRDA:190,18,6,11
BRDA:190,18,7,11
BRDA:201,19,0,4
BRDA:201,19,1,6
BRDA:215,20,0,0
BRDA:215,20,1,0
BRDA:216,21,0,0
BRDA:216,21,1,0
BRDA:216,21,2,0
BRDA:216,21,3,0
BRDA:216,21,4,0
BRDA:216,21,5,0
BRDA:216,21,6,0
BRDA:216,21,7,0
BRDA:227,22,0,0
BRDA:227,22,1,0
BRDA:242,23,0,0
BRDA:242,23,1,0
BRDA:243,24,0,0
BRDA:243,24,1,0
BRDA:243,24,2,0
BRDA:243,24,3,0
BRDA:243,24,4,0
BRDA:243,24,5,0
BRDA:243,24,6,0
BRDA:243,24,7,0
BRDA:254,25,0,0
BRDA:254,25,1,0
BRDA:255,26,0,0
BRDA:255,26,1,0
BRDA:255,26,2,0
BRDA:255,26,3,0
BRDA:255,26,4,0
BRDA:255,26,5,0
BRDA:266,27,0,0
BRDA:266,27,1,0
BRDA:266,28,0,0
BRDA:266,28,1,0
BRDA:269,29,0,0
BRDA:269,29,1,0
BRDA:271,30,0,0
BRDA:271,30,1,0
BRDA:274,31,0,0
BRDA:274,31,1,0
BRDA:275,32,0,0
BRDA:275,32,1,0
BRF:113
BRH:65
end_of_record
